\BOOKMARK [1][-]{section.1}{\376\377\000I\000n\000t\000r\000o\000d\000u\000c\000t\000i\000o\000n}{}% 1
\BOOKMARK [1][-]{section.2}{\376\377\000R\000e\000l\000a\000t\000e\000d\000\040\000W\000o\000r\000k}{}% 2
\BOOKMARK [1][-]{section.3}{\376\377\000M\000a\000r\000k\000o\000v\000i\000a\000n\000\040\000L\000a\000n\000g\000u\000a\000g\000e\000\040\000M\000o\000d\000e\000l\000s\000\040\000a\000n\000d\000\040\000I\000n\000f\000o\000r\000m\000a\000t\000i\000v\000e\000n\000e\000s\000s}{}% 3
\BOOKMARK [2][-]{subsection.3.1}{\376\377\000M\000a\000r\000k\000o\000v\000i\000a\000n\000\040\000L\000a\000n\000g\000u\000a\000g\000e\000\040\000M\000o\000d\000e\000l\000s\000\040\000\050\000M\000L\000M\000\051}{section.3}% 4
\BOOKMARK [2][-]{subsection.3.2}{\376\377\000D\000a\000t\000a\000-\000G\000e\000n\000e\000r\000a\000t\000i\000n\000g\000\040\000D\000i\000s\000t\000r\000i\000b\000u\000t\000i\000o\000n\000\040\000a\000n\000d\000\040\000R\000e\000w\000a\000r\000d}{section.3}% 5
\BOOKMARK [2][-]{subsection.3.3}{\376\377\000I\000n\000f\000o\000r\000m\000a\000t\000i\000v\000e\000n\000e\000s\000s\000\040\000O\000b\000j\000e\000c\000t\000i\000v\000e}{section.3}% 6
\BOOKMARK [1][-]{section.4}{\376\377\000M\000e\000t\000h\000o\000d\000s}{}% 7
\BOOKMARK [2][-]{subsection.4.1}{\376\377\000I\000m\000p\000l\000e\000m\000e\000n\000t\000a\000t\000i\000o\000n\000\040\000a\000s\000\040\000Q\000u\000e\000s\000t\000i\000o\000n\000-\000A\000n\000s\000w\000e\000r\000\040\000P\000a\000i\000r\000s}{section.4}% 8
\BOOKMARK [2][-]{subsection.4.2}{\376\377\000P\000o\000l\000i\000c\000y\000\040\000G\000r\000a\000d\000i\000e\000n\000t\000\040\000w\000i\000t\000h\000\040\000G\000R\000P\000O\000-\000S\000t\000y\000l\000e\000\040\000B\000a\000s\000e\000l\000i\000n\000e}{section.4}% 9
\BOOKMARK [3][-]{subsubsection.4.2.1}{\376\377\000A\000c\000t\000o\000r\000\040\000R\000e\000w\000a\000r\000d\000\040\000G\000r\000a\000d\000i\000e\000n\000t\000s\000:\000\040\000T\000h\000e\000\040\000K\000e\000y\000\040\000I\000n\000n\000o\000v\000a\000t\000i\000o\000n}{subsection.4.2}% 10
\BOOKMARK [3][-]{subsubsection.4.2.2}{\376\377\000G\000R\000P\000O\000-\000S\000t\000y\000l\000e\000\040\000B\000a\000s\000e\000l\000i\000n\000e\000\040\000w\000i\000t\000h\000\040\000L\000o\000c\000a\000l\000\040\000S\000u\000b\000t\000r\000a\000c\000t\000i\000o\000n}{subsection.4.2}% 11
\BOOKMARK [3][-]{subsubsection.4.2.3}{\376\377\000P\000a\000r\000a\000l\000l\000e\000l\000\040\000S\000a\000m\000p\000l\000i\000n\000g\000\040\000S\000t\000r\000a\000t\000e\000g\000y}{subsection.4.2}% 12
\BOOKMARK [3][-]{subsubsection.4.2.4}{\376\377\000I\000m\000p\000l\000e\000m\000e\000n\000t\000a\000t\000i\000o\000n\000:\000\040\000T\000w\000o\000-\000T\000e\000r\000m\000\040\000L\000o\000s\000s\000\040\000F\000u\000n\000c\000t\000i\000o\000n}{subsection.4.2}% 13
\BOOKMARK [3][-]{subsubsection.4.2.5}{\376\377\000W\000i\000t\000h\000i\000n\000-\000B\000a\000t\000c\000h\000\040\000A\000d\000v\000a\000n\000t\000a\000g\000e\000\040\000S\000t\000a\000n\000d\000a\000r\000d\000i\000z\000a\000t\000i\000o\000n}{subsection.4.2}% 14
\BOOKMARK [1][-]{section.5}{\376\377\000E\000x\000p\000e\000r\000i\000m\000e\000n\000t\000s}{}% 15
\BOOKMARK [2][-]{subsection.5.1}{\376\377\000Q\000u\000e\000s\000t\000i\000o\000n\040\023\000A\000n\000s\000w\000e\000r\000\040\000T\000a\000s\000k\000s\000\040\000\050\000G\000S\000M\0008\000K\000,\000\040\000M\000M\000L\000U\000,\000\040\000S\000V\000A\000M\000P\000,\000\040\000A\000Q\000u\000A\000,\000\040\000A\000R\000C\000,\000\040\000A\000r\000i\000t\000h\000m\000e\000t\000i\000c\000\051}{section.5}% 16
\BOOKMARK [2][-]{subsection.5.2}{\376\377\000W\000i\000k\000i\000p\000e\000d\000i\000a\000\040\000C\000o\000n\000t\000i\000n\000u\000a\000t\000i\000o\000n}{section.5}% 17
\BOOKMARK [2][-]{subsection.5.3}{\376\377\000M\000a\000r\000k\000o\000v\000i\000a\000n\000\040\000v\000s\000\040\000N\000o\000n\000-\000M\000a\000r\000k\000o\000v\000i\000a\000n\000\040\000P\000e\000r\000t\000u\000r\000b\000a\000t\000i\000o\000n\000\040\000S\000e\000n\000s\000i\000t\000i\000v\000i\000t\000y}{section.5}% 18
\BOOKMARK [3][-]{subsubsection.5.3.1}{\376\377\000E\000x\000p\000e\000r\000i\000m\000e\000n\000t\000a\000l\000\040\000D\000e\000s\000i\000g\000n}{subsection.5.3}% 19
\BOOKMARK [3][-]{subsubsection.5.3.2}{\376\377\000R\000e\000s\000u\000l\000t\000s\000\040\000S\000u\000m\000m\000a\000r\000y}{subsection.5.3}% 20
\BOOKMARK [2][-]{subsection.5.4}{\376\377\000I\000n\000t\000e\000r\000p\000r\000e\000t\000a\000b\000i\000l\000i\000t\000y\000\040\000o\000f\000\040\000C\000o\000T\000\040\000G\000e\000n\000e\000r\000a\000t\000i\000o\000n\000s}{section.5}% 21
\BOOKMARK [1][-]{section.6}{\376\377\000D\000i\000s\000c\000u\000s\000s\000i\000o\000n\000\040\000a\000n\000d\000\040\000L\000i\000m\000i\000t\000a\000t\000i\000o\000n\000s}{}% 22
\BOOKMARK [1][-]{section.7}{\376\377\000R\000e\000p\000r\000o\000d\000u\000c\000i\000b\000i\000l\000i\000t\000y\000\040\000S\000t\000a\000t\000e\000m\000e\000n\000t}{}% 23
\BOOKMARK [1][-]{appendix.A}{\376\377\000T\000r\000a\000i\000n\000i\000n\000g\000\040\000S\000t\000a\000b\000i\000l\000i\000t\000y\000\040\000a\000n\000d\000\040\000I\000m\000p\000l\000e\000m\000e\000n\000t\000a\000t\000i\000o\000n\000\040\000D\000e\000t\000a\000i\000l\000s}{}% 24
\BOOKMARK [1][-]{appendix.B}{\376\377\000A\000d\000d\000i\000t\000i\000o\000n\000a\000l\000\040\000P\000e\000r\000f\000o\000r\000m\000a\000n\000c\000e\000\040\000A\000n\000a\000l\000y\000s\000i\000s}{}% 25
\BOOKMARK [1][-]{appendix.C}{\376\377\000T\000r\000u\000t\000h\000f\000u\000l\000n\000e\000s\000s\000\040\000a\000n\000d\000\040\000E\000l\000i\000c\000i\000t\000i\000n\000g\000\040\000L\000a\000t\000e\000n\000t\000\040\000K\000n\000o\000w\000l\000e\000d\000g\000e}{}% 26
\BOOKMARK [1][-]{appendix.D}{\376\377\000T\000r\000a\000i\000n\000i\000n\000g\000\040\000A\000l\000g\000o\000r\000i\000t\000h\000m\000\040\000I\000m\000p\000l\000e\000m\000e\000n\000t\000a\000t\000i\000o\000n\000\040\000a\000n\000d\000\040\000C\000o\000m\000p\000a\000r\000i\000s\000o\000n}{}% 27
\BOOKMARK [2][-]{subsection.D.1}{\376\377\000A\000l\000t\000e\000r\000n\000a\000t\000e\000\040\000T\000r\000a\000i\000n\000i\000n\000g\000\040\000A\000l\000g\000o\000r\000i\000t\000h\000m\000s\000\040\000T\000e\000s\000t\000e\000d}{appendix.D}% 28
\BOOKMARK [2][-]{subsection.D.2}{\376\377\000C\000r\000o\000s\000s\000-\000M\000o\000d\000e\000l\000\040\000I\000n\000t\000e\000r\000p\000r\000e\000t\000a\000b\000i\000l\000i\000t\000y\000\040\000A\000n\000a\000l\000y\000s\000i\000s}{appendix.D}% 29
\BOOKMARK [1][-]{appendix.E}{\376\377\000Q\000u\000a\000l\000i\000t\000a\000t\000i\000v\000e\000\040\000A\000n\000a\000l\000y\000s\000i\000s\000\040\000o\000f\000\040\000G\000e\000n\000e\000r\000a\000t\000e\000d\000\040\000C\000o\000T\000s}{}% 30
\BOOKMARK [2][-]{subsection.E.1}{\376\377\000A\000r\000i\000t\000h\000m\000e\000t\000i\000c\000\040\000T\000a\000s\000k\000\040\000E\000x\000a\000m\000p\000l\000e}{appendix.E}% 31
\BOOKMARK [2][-]{subsection.E.2}{\376\377\000W\000i\000k\000i\000p\000e\000d\000i\000a\000\040\000C\000o\000n\000t\000i\000n\000u\000a\000t\000i\000o\000n\000\040\000E\000x\000a\000m\000p\000l\000e}{appendix.E}% 32
\BOOKMARK [3][-]{subsubsection.E.2.1}{\376\377\000C\000o\000T\000\040\000a\000f\000t\000e\000r\000\040\000T\000r\000a\000i\000n\000i\000n\000g\000:}{subsection.E.2}% 33
\BOOKMARK [3][-]{subsubsection.E.2.2}{\376\377\000C\000o\000T\000\040\000b\000e\000f\000o\000r\000e\000\040\000T\000r\000a\000i\000n\000i\000n\000g\000:}{subsection.E.2}% 34
\BOOKMARK [3][-]{subsubsection.E.2.3}{\376\377\000A\000c\000t\000u\000a\000l\000\040\000C\000o\000n\000t\000i\000n\000u\000a\000t\000i\000o\000n\000:}{subsection.E.2}% 35
\BOOKMARK [1][-]{appendix.F}{\376\377\000H\000y\000p\000e\000r\000p\000a\000r\000a\000m\000e\000t\000e\000r\000\040\000T\000u\000n\000i\000n\000g\000\040\000a\000n\000d\000\040\000E\000x\000p\000e\000r\000i\000m\000e\000n\000t\000a\000l\000\040\000C\000o\000n\000f\000i\000g\000u\000r\000a\000t\000i\000o\000n\000s}{}% 36
\BOOKMARK [1][-]{appendix.G}{\376\377\000I\000m\000p\000a\000c\000t\000\040\000S\000t\000a\000t\000e\000m\000e\000n\000t}{}% 37
