This is pdfTeX, Version 3.141592653-2.6-1.40.27 (TeX Live 2026/dev/Arch Linux) (preloaded format=pdflatex 2025.5.14)  4 AUG 2025 18:35
entering extended mode
 restricted \write18 enabled.
 %&-line parsing enabled.
**instructions.tex
(./instructions.tex
LaTeX2e <2024-11-01> patch level 2
L3 programming layer <2025-01-18>
(/usr/share/texmf-dist/tex/latex/base/article.cls
Document Class: article 2024/06/29 v1.4n Standard LaTeX document class
(/usr/share/texmf-dist/tex/latex/base/size10.clo
File: size10.clo 2024/06/29 v1.4n Standard LaTeX file (size option)
)
\c@part=\count196
\c@section=\count197
\c@subsection=\count198
\c@subsubsection=\count199
\c@paragraph=\count266
\c@subparagraph=\count267
\c@figure=\count268
\c@table=\count269
\abovecaptionskip=\skip49
\belowcaptionskip=\skip50
\bibindent=\dimen141
) (./aaai2026.sty
Package: aaai2026 2026/06/17 AAAI 2026 Submission format

Conference Style for AAAI for LaTeX 2e -- version for submission
\titlebox=\skip51
(/usr/share/texmf-dist/tex/latex/xcolor/xcolor.sty
Package: xcolor 2024/09/29 v3.02 LaTeX color extensions (UK)

(/usr/share/texmf-dist/tex/latex/graphics-cfg/color.cfg
File: color.cfg 2016/01/02 v1.6 sample color configuration
)
Package xcolor Info: Driver file: pdftex.def on input line 274.

(/usr/share/texmf-dist/tex/latex/graphics-def/pdftex.def
File: pdftex.def 2024/04/13 v1.2c Graphics/color driver for pdftex
)
(/usr/share/texmf-dist/tex/latex/graphics/mathcolor.ltx)
Package xcolor Info: Model `cmy' substituted by `cmy0' on input line 1349.
Package xcolor Info: Model `hsb' substituted by `rgb' on input line 1353.
Package xcolor Info: Model `RGB' extended on input line 1365.
Package xcolor Info: Model `HTML' substituted by `rgb' on input line 1367.
Package xcolor Info: Model `Hsb' substituted by `hsb' on input line 1368.
Package xcolor Info: Model `tHsb' substituted by `hsb' on input line 1369.
Package xcolor Info: Model `HSB' substituted by `hsb' on input line 1370.
Package xcolor Info: Model `Gray' substituted by `gray' on input line 1371.
Package xcolor Info: Model `wave' substituted by `hsb' on input line 1372.
))
(/usr/share/texmf-dist/tex/latex/psnfss/times.sty
Package: times 2020/03/25 PSNFSS-v9.3 (SPQR) 
)
(/usr/share/texmf-dist/tex/latex/psnfss/helvet.sty
Package: helvet 2020/03/25 PSNFSS-v9.3 (WaS) 

(/usr/share/texmf-dist/tex/latex/graphics/keyval.sty
Package: keyval 2022/05/29 v1.15 key=value parser (DPC)
\KV@toks@=\toks17
))
(/usr/share/texmf-dist/tex/latex/psnfss/courier.sty
Package: courier 2020/03/25 PSNFSS-v9.3 (WaS) 
)
(/usr/share/texmf-dist/tex/latex/url/url.sty
\Urlmuskip=\muskip17
Package: url 2013/09/16  ver 3.4  Verb mode for urls, etc.
)
(/usr/share/texmf-dist/tex/latex/graphics/graphicx.sty
Package: graphicx 2021/09/16 v1.2d Enhanced LaTeX Graphics (DPC,SPQR)

(/usr/share/texmf-dist/tex/latex/graphics/graphics.sty
Package: graphics 2024/08/06 v1.4g Standard LaTeX Graphics (DPC,SPQR)

(/usr/share/texmf-dist/tex/latex/graphics/trig.sty
Package: trig 2023/12/02 v1.11 sin cos tan (DPC)
)
(/usr/share/texmf-dist/tex/latex/graphics-cfg/graphics.cfg
File: graphics.cfg 2016/06/04 v1.11 sample graphics configuration
)
Package graphics Info: Driver file: pdftex.def on input line 106.
)
\Gin@req@height=\dimen142
\Gin@req@width=\dimen143
)
(/usr/share/texmf-dist/tex/latex/natbib/natbib.sty
Package: natbib 2010/09/13 8.31b (PWD, AO)
\bibhang=\skip52
\bibsep=\skip53
LaTeX Info: Redefining \cite on input line 694.
\c@NAT@ctr=\count270
)
(/usr/share/texmf-dist/tex/latex/caption/caption.sty
Package: caption 2023/08/05 v3.6o Customizing captions (AR)

(/usr/share/texmf-dist/tex/latex/caption/caption3.sty
Package: caption3 2023/07/31 v2.4d caption3 kernel (AR)
\caption@tempdima=\dimen144
\captionmargin=\dimen145
\caption@leftmargin=\dimen146
\caption@rightmargin=\dimen147
\caption@width=\dimen148
\caption@indent=\dimen149
\caption@parindent=\dimen150
\caption@hangindent=\dimen151
Package caption Info: Standard document class detected.
)
\c@caption@flags=\count271
\c@continuedfloat=\count272
)
(/usr/share/texmf-dist/tex/latex/algorithms/algorithm.sty
Package: algorithm 2009/08/24 v0.1 Document Style `algorithm' - floating enviro
nment

(/usr/share/texmf-dist/tex/latex/float/float.sty
Package: float 2001/11/08 v1.3d Float enhancements (AL)
\c@float@type=\count273
\float@exts=\toks18
\float@box=\box52
\@float@everytoks=\toks19
\@floatcapt=\box53
)
(/usr/share/texmf-dist/tex/latex/base/ifthen.sty
Package: ifthen 2024/03/16 v1.1e Standard LaTeX ifthen package (DPC)
)
\@float@every@algorithm=\toks20
\c@algorithm=\count274
)
(/usr/share/texmf-dist/tex/latex/algorithms/algorithmic.sty
Package: algorithmic 2009/08/24 v0.1 Document Style `algorithmic'
\c@ALC@unique=\count275
\c@ALC@line=\count276
\c@ALC@rem=\count277
\c@ALC@depth=\count278
\ALC@tlm=\skip54
\algorithmicindent=\skip55
)
(/usr/share/texmf-dist/tex/latex/newfloat/newfloat.sty
Package: newfloat 2023/10/01 v1.2 Defining new floating environments (AR)
)
(/usr/share/texmf-dist/tex/latex/listings/listings.sty
\lst@mode=\count279
\lst@gtempboxa=\box54
\lst@token=\toks21
\lst@length=\count280
\lst@currlwidth=\dimen152
\lst@column=\count281
\lst@pos=\count282
\lst@lostspace=\dimen153
\lst@width=\dimen154
\lst@newlines=\count283
\lst@lineno=\count284
\lst@maxwidth=\dimen155

(/usr/share/texmf-dist/tex/latex/listings/lstpatch.sty
File: lstpatch.sty 2024/09/23 1.10c (Carsten Heinz)
)
(/usr/share/texmf-dist/tex/latex/listings/lstmisc.sty
File: lstmisc.sty 2024/09/23 1.10c (Carsten Heinz)
\c@lstnumber=\count285
\lst@skipnumbers=\count286
\lst@framebox=\box55
)
(/usr/share/texmf-dist/tex/latex/listings/listings.cfg
File: listings.cfg 2024/09/23 1.10c listings configuration
))
Package: listings 2024/09/23 1.10c (Carsten Heinz)
\@float@every@listing=\toks22
\c@listing=\count287

(/usr/share/texmf-dist/tex/latex/natbib/bibentry.sty
Package: bibentry 2007/10/30 1.5 (PWD)
)
LaTeX Font Info:    Trying to load font information for OT1+ptm on input line 1
64.

(/usr/share/texmf-dist/tex/latex/psnfss/ot1ptm.fd
File: ot1ptm.fd 2001/06/04 font definitions for OT1/ptm.
)
(/usr/share/texmf-dist/tex/latex/l3backend/l3backend-pdftex.def
File: l3backend-pdftex.def 2024-05-08 L3 backend support: PDF output (pdfTeX)
\l__color_backend_stack_int=\count288
\l__pdf_internal_box=\box56
)
No file instructions.aux.
\openout1 = `instructions.aux'.

LaTeX Font Info:    Checking defaults for OML/cmm/m/it on input line 164.
LaTeX Font Info:    ... okay on input line 164.
LaTeX Font Info:    Checking defaults for OMS/cmsy/m/n on input line 164.
LaTeX Font Info:    ... okay on input line 164.
LaTeX Font Info:    Checking defaults for OT1/cmr/m/n on input line 164.
LaTeX Font Info:    ... okay on input line 164.
LaTeX Font Info:    Checking defaults for T1/cmr/m/n on input line 164.
LaTeX Font Info:    ... okay on input line 164.
LaTeX Font Info:    Checking defaults for TS1/cmr/m/n on input line 164.
LaTeX Font Info:    ... okay on input line 164.
LaTeX Font Info:    Checking defaults for OMX/cmex/m/n on input line 164.
LaTeX Font Info:    ... okay on input line 164.
LaTeX Font Info:    Checking defaults for U/cmr/m/n on input line 164.
LaTeX Font Info:    ... okay on input line 164.
(/usr/share/texmf-dist/tex/context/base/mkii/supp-pdf.mkii
[Loading MPS to PDF converter (version 2006.09.02).]
\scratchcounter=\count289
\scratchdimen=\dimen156
\scratchbox=\box57
\nofMPsegments=\count290
\nofMParguments=\count291
\everyMPshowfont=\toks23
\MPscratchCnt=\count292
\MPscratchDim=\dimen157
\MPnumerator=\count293
\makeMPintoPDFobject=\count294
\everyMPtoPDFconversion=\toks24
) (/usr/share/texmf-dist/tex/latex/epstopdf-pkg/epstopdf-base.sty
Package: epstopdf-base 2020-01-24 v2.11 Base part for package epstopdf
Package epstopdf-base Info: Redefining graphics rule for `.eps' on input line 4
85.

(/usr/share/texmf-dist/tex/latex/latexconfig/epstopdf-sys.cfg
File: epstopdf-sys.cfg 2010/07/13 v1.3 Configuration of (r)epstopdf for TeX Liv
e
))
Package caption Info: Begin \AtBeginDocument code.
Package caption Info: float package is loaded.
Package caption Info: listings package is loaded.
Package caption Info: End \AtBeginDocument code.
Package newfloat Info: `float' package detected.
\c@lstlisting=\count295
\c@eqfn=\count296
\titlearea=\box58
LaTeX Font Info:    External font `cmex10' loaded for size
(Font)              <14.4> on input line 166.
LaTeX Font Info:    External font `cmex10' loaded for size
(Font)              <7> on input line 166.
\actualheight=\skip56

Underfull \hbox (badness 1609) in paragraph at lines 182--183
\OT1/ptm/m/n/10 This doc-u-ment de-tails the for-mat-ting re-quire-ments for
 []

LaTeX Font Info:    Trying to load font information for TS1+ptm on input line 1
85.
(/usr/share/texmf-dist/tex/latex/psnfss/ts1ptm.fd
File: ts1ptm.fd 2001/06/04 font definitions for TS1/ptm.
)
LaTeX Font Info:    Trying to load font information for OT1+pcr on input line 1
93.

(/usr/share/texmf-dist/tex/latex/psnfss/ot1pcr.fd
File: ot1pcr.fd 2001/06/04 font definitions for OT1/pcr.
)
LaTeX Font Info:    External font `cmex10' loaded for size
(Font)              <5> on input line 207.




[1{/home/scottviteri/.texlive/texmf-var/fonts/map/pdftex/updmap/pdftex.map}{/us
r/share/texmf-dist/fonts/enc/dvips/base/8r.enc}



]



[2]
LaTeX Font Info:    External font `cmex10' loaded for size
(Font)              <12> on input line 279.
LaTeX Font Info:    External font `cmex10' loaded for size
(Font)              <8> on input line 279.
LaTeX Font Info:    External font `cmex10' loaded for size
(Font)              <6> on input line 279.


LaTeX Font Info:    Trying to load font information for OMS+ptm on input line 3
65.
(/usr/share/texmf-dist/tex/latex/psnfss/omsptm.fd
File: omsptm.fd 
)
LaTeX Font Info:    Font shape `OMS/ptm/m/n' in size <10> not available
(Font)              Font shape `OMS/cmsy/m/n' tried instead on input line 365.


LaTeX Warning: Reference `table1' on page 3 undefined on input line 413.


LaTeX Warning: Reference `table2' on page 3 undefined on input line 413.



[3]
Underfull \hbox (badness 10000) in paragraph at lines 440--441
[]\OT1/ptm/m/n/10 Commands that al-ter page lay-out are for-bid-
 []


Underfull \hbox (badness 7832) in paragraph at lines 440--441
\OT1/ptm/m/n/10 den. These in-clude \OMS/cmsy/m/n/10 n\OT1/ptm/m/n/10 columnsep
, \OMS/cmsy/m/n/10 n\OT1/ptm/m/n/10 float, \OMS/cmsy/m/n/10 n\OT1/ptm/m/n/10 to
pmargin,
 []


Underfull \hbox (badness 3049) in paragraph at lines 440--441
\OMS/cmsy/m/n/10 n\OT1/ptm/m/n/10 topskip, \OMS/cmsy/m/n/10 n\OT1/ptm/m/n/10 te
xtheight, \OMS/cmsy/m/n/10 n\OT1/ptm/m/n/10 textwidth, \OMS/cmsy/m/n/10 n\OT1/p
tm/m/n/10 oddsidemargin, and
 []




Underfull \hbox (badness 1264) in paragraph at lines 457--459
 \OT1/ptm/b/n/10 Ob-tain-ing Type 1 Com-puter Mod-ern for L[]T[]X. \OT1/ptm/m/n
/10 If
 []


Underfull \hbox (badness 1281) in paragraph at lines 457--459
\OT1/ptm/m/n/10 pa-per (you can-not use it for the text) you may need
 []



[4]
Underfull \hbox (badness 2213) in paragraph at lines 469--470
 \OT1/ptm/b/n/10 For-mat-ting Au-thor In-for-ma-tion. \OT1/ptm/m/n/10 Au-thor i
n-for-ma-tion
 []


Overfull \hbox (8.80545pt too wide) in paragraph at lines 504--504
 []    \OT1/pcr/m/n/7 AuthorOne\equalcontrib\textsuperscript{\rm 1,\rm 2},[] 
 []



LaTeX Font Info:    External font `cmex10' loaded for size
(Font)              <10.95> on input line 510.

Underfull \hbox (badness 1231) in paragraph at lines 511--512
\OT1/ptm/m/n/10 The copy-right no-tice au-to-mat-i-cally ap-pears if you use
 []

LaTeX Font Info:    Font shape `OMS/ptm/m/n' in size <9> not available
(Font)              Font shape `OMS/cmsy/m/n' tried instead on input line 519.


[5]
Underfull \hbox (badness 3209) in paragraph at lines 558--559
 \OT1/ptm/b/n/10 Sec-tion Head-ings. \OT1/ptm/m/n/10 Sec-tions should be ar-ran
ged and
 []

LaTeX Font Info:    Trying to load font information for OMS+pcr on input line 5
68.
(/usr/share/texmf-dist/tex/latex/psnfss/omspcr.fd
File: omspcr.fd 
)
LaTeX Font Info:    Font shape `OMS/pcr/m/n' in size <10> not available
(Font)              Font shape `OMS/cmsy/m/n' tried instead on input line 568.



Underfull \hbox (badness 1377) in paragraph at lines 577--578
 \OT1/ptm/b/n/10 Ref-er-ences. \OT1/ptm/m/n/10 The ref-er-ences sec-tion should
 be la-beled
 []


! LaTeX Error: File `figure1' not found.

See the LaTeX manual or LaTeX Companion for explanation.
Type  H <return>  for immediate help.
 ...                                              
                                                  
l.583 ...egraphics[width=0.9\columnwidth]{figure1}
                                                   % Reduce the figure size ...

? 

! LaTeX Error: File `figure2' not found.

See the LaTeX manual or LaTeX Companion for explanation.
Type  H <return>  for immediate help.
 ...                                              
                                                  
l.590 ...udegraphics[width=0.8\textwidth]{figure2}
                                                   % Reduce the figure size ...

? 

LaTeX Warning: Reference `fig1' on page 6 undefined on input line 606.


LaTeX Warning: Reference `fig2' on page 6 undefined on input line 606.



[6]
Underfull \hbox (badness 10000) in paragraph at lines 626--627
 \OT1/ptm/b/n/10 Low-Resolution Bitmaps. \OT1/ptm/m/n/10 You may not use low-
 []


Underfull \hbox (badness 5403) in paragraph at lines 626--627
\OT1/ptm/m/n/10 resolution (such as 72 dpi) screen-dumps and GIF
 []




LaTeX Warning: Reference `alg:algorithm' on page 7 undefined on input line 648.



Underfull \hbox (badness 10000) in paragraph at lines 650--651
[]\OT1/ptm/m/n/10 In L[]T[]X al-go-rithms may be type-set us-ing the
 []


Underfull \hbox (badness 4024) in paragraph at lines 650--651
\OT1/pcr/m/n/10 algorithm \OT1/ptm/m/n/10 and \OT1/pcr/m/n/10 algorithmic \OT1/
ptm/m/n/10 pack-ages, but you
 []


LaTeX Warning: Reference `lst:listing' on page 7 undefined on input line 673.



[7] (/usr/share/texmf-dist/tex/latex/listings/lstlang1.sty
File: lstlang1.sty 2024/09/23 1.10c listings language file
)
(/usr/share/texmf-dist/tex/latex/listings/lstlang2.sty
File: lstlang2.sty 2024/09/23 1.10c listings language file
)
LaTeX Font Info:    Font shape `OMS/ptm/m/it' in size <10> not available
(Font)              Font shape `OMS/cmsy/m/n' tried instead on input line 700.



Underfull \hbox (badness 1028) in paragraph at lines 738--739
\OT1/ptm/m/n/10 L[]T[]X is a dif-fi-cult pro-gram to mas-ter. If you've used
 []


Underfull \hbox (badness 1389) in paragraph at lines 738--739
\OT1/ptm/m/n/10 that soft-ware, and this doc-u-ment didn't help or some
 []


Underfull \hbox (badness 1087) in paragraph at lines 738--739
\OT1/ptm/m/n/10 2002/08/13) about ob-tain-ing cor-rect PS/PDF out-put on
 []



[8]
No file instructions.bbl.

Package natbib Warning: Citation `em:86' undefined on input line 747.


Package natbib Warning: Citation `em:86' undefined on input line 748.


Package natbib Warning: Citation `r:80' undefined on input line 750.


Package natbib Warning: Citation `hcr:83' undefined on input line 750.


Package natbib Warning: Citation `r:80' undefined on input line 751.


Package natbib Warning: Citation `hcr:83' undefined on input line 752.


Underfull \hbox (badness 1983) in paragraph at lines 750--753
 \OT1/ptm/b/n/10 Jour-nal and mag-a-zine ar-ti-cles \OT1/ptm/m/n/10 Use the \OT
1/pcr/m/n/10 @article
 []


Package natbib Warning: Citation `c:83' undefined on input line 754.


Package natbib Warning: Citation `c:84' undefined on input line 754.


Package natbib Warning: Citation `c:84' undefined on input line 755.


Package natbib Warning: Citation `c:83' undefined on input line 756.


Package natbib Warning: Citation `r:86' undefined on input line 758.


Package natbib Warning: Citation `r:86' undefined on input line 759.


Underfull \hbox (badness 1902) in paragraph at lines 758--760
 \OT1/ptm/b/n/10 Uni-ver-sity tech-ni-cal re-port \OT1/ptm/m/n/10 Use the \OT1/
pcr/m/n/10 @techreport
 []


Package natbib Warning: Citation `c:79' undefined on input line 761.


Package natbib Warning: Citation `c:79' undefined on input line 762.


Package natbib Warning: Citation `c:21' undefined on input line 764.


Package natbib Warning: Citation `c:21' undefined on input line 775.


Package natbib Warning: Citation `c:22' undefined on input line 777.


Package natbib Warning: Citation `c:22' undefined on input line 789.


Package natbib Warning: Citation `c:23' undefined on input line 791.




Package natbib Warning: Citation `c:23' undefined on input line 803.


Underfull \hbox (badness 2221) in paragraph at lines 806--807
\OT1/ptm/m/n/10 style, please con-sult the \OT1/ptm/m/it/10 AI Mag-a-zine \OT1/
ptm/m/n/10 Au-thor Guide-
 []


Underfull \hbox (badness 10000) in paragraph at lines 806--807
\OT1/ptm/m/n/10 lines at $https : / / aaai . org / ojs / index . php / aimagazi
ne / about /
 []

No file instructions.bbl.

Package natbib Warning: There were undefined citations.



[9] (./instructions.aux)
 ***********
LaTeX2e <2024-11-01> patch level 2
L3 programming layer <2025-01-18>
 ***********


LaTeX Warning: There were undefined references.


LaTeX Warning: Label(s) may have changed. Rerun to get cross-references right.

 ) 
Here is how much of TeX's memory you used:
 6676 strings out of 475171
 103289 string characters out of 5767095
 712862 words of memory out of 5000000
 29605 multiletter control sequences out of 15000+600000
 583747 words of font info for 84 fonts, out of 8000000 for 9000
 14 hyphenation exceptions out of 8191
 57i,8n,65p,904b,1840s stack positions out of 10000i,1000n,20000p,200000b,200000s
</usr/share/texmf-dist/fonts/type1/public/amsfonts/cm/cmmi10.pfb></usr/share/
texmf-dist/fonts/type1/public/amsfonts/cm/cmr10.pfb></usr/share/texmf-dist/font
s/type1/public/amsfonts/cm/cmsy10.pfb></usr/share/texmf-dist/fonts/type1/public
/amsfonts/cm/cmsy9.pfb></usr/share/texmf-dist/fonts/type1/urw/courier/ucrb8a.pf
b></usr/share/texmf-dist/fonts/type1/urw/courier/ucrr8a.pfb></usr/share/texmf-d
ist/fonts/type1/urw/times/utmb8a.pfb></usr/share/texmf-dist/fonts/type1/urw/tim
es/utmr8a.pfb></usr/share/texmf-dist/fonts/type1/urw/times/utmri8a.pfb>
Output written on instructions.pdf (9 pages, 148507 bytes).
PDF statistics:
 80 PDF objects out of 1000 (max. 8388607)
 50 compressed objects within 1 object stream
 0 named destinations out of 1000 (max. 500000)
 1 words of extra memory for PDF output out of 10000 (max. 10000000)

