\BOOKMARK [1][-]{section.1}{\376\377\000I\000n\000t\000r\000o\000d\000u\000c\000t\000i\000o\000n}{}% 1
\BOOKMARK [1][-]{section.2}{\376\377\000R\000e\000l\000a\000t\000e\000d\000\040\000W\000o\000r\000k}{}% 2
\BOOKMARK [1][-]{section.3}{\376\377\000M\000a\000r\000k\000o\000v\000i\000a\000n\000\040\000L\000a\000n\000g\000u\000a\000g\000e\000\040\000M\000o\000d\000e\000l\000s\000\040\000a\000n\000d\000\040\000I\000n\000f\000o\000r\000m\000a\000t\000i\000v\000e\000n\000e\000s\000s}{}% 3
\BOOKMARK [2][-]{subsection.3.1}{\376\377\000M\000a\000r\000k\000o\000v\000i\000a\000n\000\040\000L\000a\000n\000g\000u\000a\000g\000e\000\040\000M\000o\000d\000e\000l\000s\000\040\000\050\000M\000L\000M\000\051}{section.3}% 4
\BOOKMARK [2][-]{subsection.3.2}{\376\377\000D\000a\000t\000a\000-\000G\000e\000n\000e\000r\000a\000t\000i\000n\000g\000\040\000D\000i\000s\000t\000r\000i\000b\000u\000t\000i\000o\000n\000\040\000a\000n\000d\000\040\000R\000e\000w\000a\000r\000d}{section.3}% 5
\BOOKMARK [2][-]{subsection.3.3}{\376\377\000I\000n\000f\000o\000r\000m\000a\000t\000i\000v\000e\000n\000e\000s\000s\000\040\000O\000b\000j\000e\000c\000t\000i\000v\000e}{section.3}% 6
\BOOKMARK [1][-]{section.4}{\376\377\000M\000e\000t\000h\000o\000d\000s}{}% 7
\BOOKMARK [2][-]{subsection.4.1}{\376\377\000I\000m\000p\000l\000e\000m\000e\000n\000t\000a\000t\000i\000o\000n\000\040\000a\000s\000\040\000Q\000u\000e\000s\000t\000i\000o\000n\000-\000A\000n\000s\000w\000e\000r\000\040\000P\000a\000i\000r\000s}{section.4}% 8
\BOOKMARK [2][-]{subsection.4.2}{\376\377\000R\000e\000i\000n\000f\000o\000r\000c\000e\000m\000e\000n\000t\000\040\000L\000e\000a\000r\000n\000i\000n\000g\000\040\000O\000b\000j\000e\000c\000t\000i\000v\000e\000s}{section.4}% 9
\BOOKMARK [3][-]{subsubsection.4.2.1}{\376\377\000T\000h\000r\000e\000s\000h\000o\000l\000d\000-\000b\000a\000s\000e\000d\000\040\000E\000x\000p\000e\000r\000t\000\040\000I\000t\000e\000r\000a\000t\000i\000o\000n\000\040\000\050\000T\000E\000I\000\051}{subsection.4.2}% 10
\BOOKMARK [3][-]{subsubsection.4.2.2}{\376\377\000P\000o\000l\000i\000c\000y\000\040\000G\000r\000a\000d\000i\000e\000n\000t\000\040\000\050\000P\000G\000\051}{subsection.4.2}% 11
\BOOKMARK [3][-]{subsubsection.4.2.3}{\376\377\000P\000r\000o\000x\000i\000m\000a\000l\000\040\000P\000o\000l\000i\000c\000y\000\040\000O\000p\000t\000i\000m\000i\000z\000a\000t\000i\000o\000n\000\040\000\050\000P\000P\000O\000\051}{subsection.4.2}% 12
\BOOKMARK [2][-]{subsection.4.3}{\376\377\000T\000r\000a\000i\000n\000i\000n\000g\000\040\000S\000t\000a\000b\000i\000l\000i\000t\000y\000\040\000a\000n\000d\000\040\000I\000m\000p\000l\000e\000m\000e\000n\000t\000a\000t\000i\000o\000n\000\040\000D\000e\000t\000a\000i\000l\000s}{section.4}% 13
\BOOKMARK [1][-]{section.5}{\376\377\000E\000x\000p\000e\000r\000i\000m\000e\000n\000t\000s}{}% 14
\BOOKMARK [2][-]{subsection.5.1}{\376\377\000M\000u\000l\000t\000i\000-\000s\000t\000e\000p\000\040\000A\000d\000d\000i\000t\000i\000o\000n}{section.5}% 15
\BOOKMARK [2][-]{subsection.5.2}{\376\377\000G\000S\000M\0008\000K}{section.5}% 16
\BOOKMARK [2][-]{subsection.5.3}{\376\377\000W\000i\000k\000i\000p\000e\000d\000i\000a}{section.5}% 17
\BOOKMARK [2][-]{subsection.5.4}{\376\377\000M\000e\000a\000s\000u\000r\000i\000n\000g\000\040\000F\000r\000a\000g\000i\000l\000i\000t\000y\000\040\000o\000f\000\040\000C\000o\000T}{section.5}% 18
\BOOKMARK [2][-]{subsection.5.5}{\376\377\000I\000n\000t\000e\000r\000p\000r\000e\000t\000a\000b\000i\000l\000i\000t\000y\000\040\000o\000f\000\040\000C\000o\000T\000\040\000G\000e\000n\000e\000r\000a\000t\000i\000o\000n\000s}{section.5}% 19
\BOOKMARK [1][-]{section.6}{\376\377\000D\000i\000s\000c\000u\000s\000s\000i\000o\000n\000\040\000a\000n\000d\000\040\000L\000i\000m\000i\000t\000a\000t\000i\000o\000n\000s}{}% 20
