This is pdfTeX, Version 3.141592653-2.6-1.40.25 (TeX Live 2023/Arch Linux) (preloaded format=pdflatex 2023.6.28)  21 JUL 2023 19:00
entering extended mode
 restricted \write18 enabled.
 %&-line parsing enabled.
**ProsocialityInLMs.
(/usr/share/texmf-dist/tex/latex/tools/q.tex
LaTeX2e <2022-11-01> patch level 1
L3 programming layer <2023-02-22> File ignored
)
! Emergency stop.
<*> ProsocialityInLMs.
                      
*** (job aborted, no legal \end found)

 
Here is how much of TeX's memory you used:
 19 strings out of 476872
 500 string characters out of 5820378
 1849388 words of memory out of 5000000
 20486 multiletter control sequences out of 15000+600000
 512287 words of font info for 32 fonts, out of 8000000 for 9000
 725 hyphenation exceptions out of 8191
 13i,0n,12p,98b,10s stack positions out of 10000i,1000n,20000p,200000b,200000s
!  ==> Fatal error occurred, no output PDF file produced!
